<?xml version="1.0" encoding="UTF-8"?>
<!-- Generated by org.testng.reporters.JUnitReportReporter -->
<testsuite hostname="MR26176P" failures="0" tests="2" name="EpatronPOMavanzado.PrincipalTest" time="8.105" errors="1" timestamp="2022-10-13T16:05:03 CEST" skipped="1">
  <testcase classname="EpatronPOMavanzado.PrincipalTest" name="beforeMethod" time="8.103">
    <error message="session not created: This version of ChromeDriver only supports Chrome version 102
Current browser version is 106.0.5249.103 with binary path C:\Program Files (x86)\Google\Chrome\Application\chrome.exe
Build info: version: &#039;3.141.59&#039;, revision: &#039;e82be7d358&#039;, time: &#039;2018-11-14T08:17:03&#039;
System info: host: &#039;MR26176P&#039;, ip: &#039;192.168.1.34&#039;, os.name: &#039;Windows 10&#039;, os.arch: &#039;amd64&#039;, os.version: &#039;10.0&#039;, java.version: &#039;18.0.1&#039;
Driver info: driver.version: ChromeDriver
remote stacktrace: Backtrace:
	Ordinal0 [0x0117D953+2414931]
	Ordinal0 [0x0110F5E1+1963489]
	Ordinal0 [0x00FFC6B8+837304]
	Ordinal0 [0x0101CAE3+969443]
	Ordinal0 [0x010186FA+952058]
	Ordinal0 [0x01015FB1+942001]
	Ordinal0 [0x01049100+1151232]
	Ordinal0 [0x01048D5A+1150298]
	Ordinal0 [0x010442B6+1131190]
	Ordinal0 [0x0101E860+976992]
	Ordinal0 [0x0101F756+980822]
	GetHandleVerifier [0x013ECC62+2510274]
	GetHandleVerifier [0x013DF760+2455744]
	GetHandleVerifier [0x0120EABA+551962]
	GetHandleVerifier [0x0120D916+547446]
	Ordinal0 [0x01115F3B+1990459]
	Ordinal0 [0x0111A898+2009240]
	Ordinal0 [0x0111A985+2009477]
	Ordinal0 [0x01123AD1+2046673]
	BaseThreadInitThunk [0x759CFA29+25]
	RtlGetAppContainerNamedObjectPath [0x77887B5E+286]
	RtlGetAppContainerNamedObjectPath [0x77887B2E+238]
" type="org.openqa.selenium.SessionNotCreatedException">
      <![CDATA[org.openqa.selenium.SessionNotCreatedException: session not created: This version of ChromeDriver only supports Chrome version 102
Current browser version is 106.0.5249.103 with binary path C:\Program Files (x86)\Google\Chrome\Application\chrome.exe
Build info: version: '3.141.59', revision: 'e82be7d358', time: '2018-11-14T08:17:03'
System info: host: 'MR26176P', ip: '192.168.1.34', os.name: 'Windows 10', os.arch: 'amd64', os.version: '10.0', java.version: '18.0.1'
Driver info: driver.version: ChromeDriver
remote stacktrace: Backtrace:
Ordinal0 [0x0117D953+2414931]
Ordinal0 [0x0110F5E1+1963489]
Ordinal0 [0x00FFC6B8+837304]
Ordinal0 [0x0101CAE3+969443]
Ordinal0 [0x010186FA+952058]
Ordinal0 [0x01015FB1+942001]
Ordinal0 [0x01049100+1151232]
Ordinal0 [0x01048D5A+1150298]
Ordinal0 [0x010442B6+1131190]
Ordinal0 [0x0101E860+976992]
Ordinal0 [0x0101F756+980822]
GetHandleVerifier [0x013ECC62+2510274]
GetHandleVerifier [0x013DF760+2455744]
GetHandleVerifier [0x0120EABA+551962]
GetHandleVerifier [0x0120D916+547446]
Ordinal0 [0x01115F3B+1990459]
Ordinal0 [0x0111A898+2009240]
Ordinal0 [0x0111A985+2009477]
Ordinal0 [0x01123AD1+2046673]
BaseThreadInitThunk [0x759CFA29+25]
RtlGetAppContainerNamedObjectPath [0x77887B5E+286]
RtlGetAppContainerNamedObjectPath [0x77887B2E+238]

at java.base/jdk.internal.reflect.DirectConstructorHandleAccessor.newInstance(DirectConstructorHandleAccessor.java:67)
at java.base/java.lang.reflect.Constructor.newInstanceWithCaller(Constructor.java:499)
at java.base/java.lang.reflect.Constructor.newInstance(Constructor.java:483)
at org.openqa.selenium.remote.W3CHandshakeResponse.lambda$errorHandler$0(W3CHandshakeResponse.java:62)
at org.openqa.selenium.remote.HandshakeResponse.lambda$getResponseFunction$0(HandshakeResponse.java:30)
at org.openqa.selenium.remote.ProtocolHandshake.lambda$createSession$0(ProtocolHandshake.java:126)
at java.base/java.util.stream.ReferencePipeline$3$1.accept(ReferencePipeline.java:197)
at java.base/java.util.Spliterators$ArraySpliterator.tryAdvance(Spliterators.java:1002)
at java.base/java.util.stream.ReferencePipeline.forEachWithCancel(ReferencePipeline.java:129)
at java.base/java.util.stream.AbstractPipeline.copyIntoWithCancel(AbstractPipeline.java:527)
at java.base/java.util.stream.AbstractPipeline.copyInto(AbstractPipeline.java:513)
at java.base/java.util.stream.AbstractPipeline.wrapAndCopyInto(AbstractPipeline.java:499)
at java.base/java.util.stream.FindOps$FindOp.evaluateSequential(FindOps.java:150)
at java.base/java.util.stream.AbstractPipeline.evaluate(AbstractPipeline.java:234)
at java.base/java.util.stream.ReferencePipeline.findFirst(ReferencePipeline.java:647)
at org.openqa.selenium.remote.ProtocolHandshake.createSession(ProtocolHandshake.java:128)
at org.openqa.selenium.remote.ProtocolHandshake.createSession(ProtocolHandshake.java:74)
at org.openqa.selenium.remote.HttpCommandExecutor.execute(HttpCommandExecutor.java:136)
at org.openqa.selenium.remote.service.DriverCommandExecutor.execute(DriverCommandExecutor.java:83)
at org.openqa.selenium.remote.RemoteWebDriver.execute(RemoteWebDriver.java:552)
at org.openqa.selenium.remote.RemoteWebDriver.startSession(RemoteWebDriver.java:213)
at org.openqa.selenium.remote.RemoteWebDriver.<init>(RemoteWebDriver.java:131)
at org.openqa.selenium.chrome.ChromeDriver.<init>(ChromeDriver.java:181)
at org.openqa.selenium.chrome.ChromeDriver.<init>(ChromeDriver.java:168)
at org.openqa.selenium.chrome.ChromeDriver.<init>(ChromeDriver.java:123)
at EpatronPOMavanzado.BasePage.chromeDriverConnection(BasePage.java:33)
at EpatronPOMavanzado.PrincipalTest.beforeMethod(PrincipalTest.java:40)
at java.base/jdk.internal.reflect.DirectMethodHandleAccessor.invoke(DirectMethodHandleAccessor.java:104)
at java.base/java.lang.reflect.Method.invoke(Method.java:577)
at org.testng.internal.invokers.MethodInvocationHelper.invokeMethod(MethodInvocationHelper.java:135)
at org.testng.internal.invokers.MethodInvocationHelper.invokeMethodConsideringTimeout(MethodInvocationHelper.java:65)
at org.testng.internal.invokers.ConfigInvoker.invokeConfigurationMethod(ConfigInvoker.java:381)
at org.testng.internal.invokers.ConfigInvoker.invokeConfigurations(ConfigInvoker.java:319)
at org.testng.internal.invokers.TestInvoker.runConfigMethods(TestInvoker.java:803)
at org.testng.internal.invokers.TestInvoker.invokeMethod(TestInvoker.java:589)
at org.testng.internal.invokers.TestInvoker.invokeTestMethod(TestInvoker.java:220)
at org.testng.internal.invokers.MethodRunner.runInSequence(MethodRunner.java:50)
at org.testng.internal.invokers.TestInvoker$MethodInvocationAgent.invoke(TestInvoker.java:945)
at org.testng.internal.invokers.TestInvoker.invokeTestMethods(TestInvoker.java:193)
at org.testng.internal.invokers.TestMethodWorker.invokeTestMethods(TestMethodWorker.java:146)
at org.testng.internal.invokers.TestMethodWorker.run(TestMethodWorker.java:128)
at java.base/java.util.ArrayList.forEach(ArrayList.java:1511)
at org.testng.TestRunner.privateRun(TestRunner.java:808)
at org.testng.TestRunner.run(TestRunner.java:603)
at org.testng.SuiteRunner.runTest(SuiteRunner.java:429)
at org.testng.SuiteRunner.runSequentially(SuiteRunner.java:423)
at org.testng.SuiteRunner.privateRun(SuiteRunner.java:383)
at org.testng.SuiteRunner.run(SuiteRunner.java:326)
at org.testng.SuiteRunnerWorker.runSuite(SuiteRunnerWorker.java:52)
at org.testng.SuiteRunnerWorker.run(SuiteRunnerWorker.java:95)
at org.testng.TestNG.runSuitesSequentially(TestNG.java:1249)
at org.testng.TestNG.runSuitesLocally(TestNG.java:1169)
at org.testng.TestNG.runSuites(TestNG.java:1092)
at org.testng.TestNG.run(TestNG.java:1060)
at org.testng.remote.AbstractRemoteTestNG.run(AbstractRemoteTestNG.java:115)
at org.testng.remote.RemoteTestNG.initAndRun(RemoteTestNG.java:251)
at org.testng.remote.RemoteTestNG.main(RemoteTestNG.java:77)
]]>
    </error>
  </testcase> <!-- beforeMethod -->
  <system-out/>
  <testcase classname="EpatronPOMavanzado.PrincipalTest" name="buscarEnElBuscador" time="0.002">
    <skipped/>
  </testcase> <!-- buscarEnElBuscador -->
  <system-out/>
</testsuite> <!-- EpatronPOMavanzado.PrincipalTest -->
